2026-03-18 15:45:19,288 - INFO - 当前目录: d:\Python\jupyter\jupyter\LFMCRegressor\notebooks
2026-03-18 15:45:19,290 - INFO - 输出目录: G:\项目\植被温湿\模型输入特征
2026-03-18 15:45:19,291 - INFO - 开始生成逐日模型输入：2022-01-01 到 2024-12-31，共 1096 天，最大线程数: 4
2026-03-18 15:45:19,294 - INFO - 开始处理日期: 2022-01-01
2026-03-18 15:45:19,296 - INFO - 开始处理日期: 2022-01-02
2026-03-18 15:45:19,296 - INFO - 开始处理日期: 2022-01-03
2026-03-18 15:45:19,821 - INFO - 开始处理日期: 2022-01-04
2026-03-18 15:45:21,536 - INFO - 8日 LAI 可用日期数量: 1012
2026-03-18 15:45:22,194 - INFO - Hveg 加载成功: key=Hveg, shape=(1800, 3600)
2026-03-18 15:45:46,254 - INFO - 完成: 2022-01-01 | X shape=(25, 1800, 3600) | valid=328627 (5.07%)
2026-03-18 15:45:46,268 - INFO - 完成: 2022-01-04 | X shape=(25, 1800, 3600) | valid=330589 (5.10%)
2026-03-18 15:45:46,361 - INFO - 开始处理日期: 2022-01-05
2026-03-18 15:45:46,594 - INFO - 开始处理日期: 2022-01-06
2026-03-18 15:45:46,595 - INFO - 完成: 2022-01-03 | X shape=(25, 1800, 3600) | valid=329226 (5.08%)
2026-03-18 15:45:46,655 - INFO - 开始处理日期: 2022-01-07
2026-03-18 15:45:46,938 - INFO - 完成: 2022-01-02 | X shape=(25, 1800, 3600) | valid=329010 (5.08%)
2026-03-18 15:45:47,073 - INFO - 开始处理日期: 2022-01-08
2026-03-18 15:46:07,058 - INFO - 完成: 2022-01-06 | X shape=(25, 1800, 3600) | valid=327297 (5.05%)
2026-03-18 15:46:07,117 - INFO - 开始处理日期: 2022-01-09
2026-03-18 15:46:07,345 - INFO - 完成: 2022-01-05 | X shape=(25, 1800, 3600) | valid=333135 (5.14%)
2026-03-18 15:46:07,435 - INFO - 开始处理日期: 2022-01-10
2026-03-18 15:46:07,990 - INFO - 完成: 2022-01-07 | X shape=(25, 1800, 3600) | valid=325715 (5.03%)
2026-03-18 15:46:08,085 - INFO - 开始处理日期: 2022-01-11
2026-03-18 15:46:08,340 - INFO - 完成: 2022-01-08 | X shape=(25, 1800, 3600) | valid=315841 (4.87%)
2026-03-18 15:46:08,459 - INFO - 开始处理日期: 2022-01-12
